#
# There is insufficient memory for the Java Runtime Environment to continue.
# Native memory allocation (mmap) failed to map 132120576 bytes for Failed to commit area from 0x0000000082800000 to 0x000000008a600000 of length 132120576.
# Possible reasons:
#   The system is out of physical RAM or swap space
#   The process is running with CompressedOops enabled, and the Java Heap may be blocking the growth of the native heap
# Possible solutions:
#   Reduce memory load on the system
#   Increase physical memory or swap space
#   Check if swap backing store is full
#   Decrease Java heap size (-Xmx/-Xms)
#   Decrease number of Java threads
#   Decrease Java thread stack sizes (-Xss)
#   Set larger code cache with -XX:ReservedCodeCacheSize=
# This output file may be truncated or incomplete.
#
#  Out of Memory Error (os_windows.cpp:3388), pid=8616, tid=11948
#
# JRE version:  (11.0.25+9) (build )
# Java VM: OpenJDK 64-Bit Server VM (11.0.25+9, mixed mode, sharing, tiered, compressed oops, g1 gc, windows-amd64)
# No core dump will be written. Minidumps are not enabled by default on client versions of Windows
#

---------------  S U M M A R Y ------------

Command Line: 

Host: Intel(R) Core(TM) i3-10110U CPU @ 2.10GHz, 4 cores, 7G,  Windows 11 , 64 bit Build 26100 (10.0.26100.3775)
Time: Mon May  5 17:20:56 2025  Windows 11 , 64 bit Build 26100 (10.0.26100.3775) elapsed time: 0.331705 seconds (0d 0h 0m 0s)

---------------  T H R E A D  ---------------

Current thread (0x000002a8d918b800):  JavaThread "Unknown thread" [_thread_in_vm, id=11948, stack(0x000000d26ad00000,0x000000d26ae00000)]

Stack: [0x000000d26ad00000,0x000000d26ae00000]
Native frames: (J=compiled Java code, j=interpreted, Vv=VM code, C=native code)
V  [jvm.dll+0x64485a]
V  [jvm.dll+0x7d7159]
V  [jvm.dll+0x7d8839]
V  [jvm.dll+0x7d8f33]
V  [jvm.dll+0x269095]
V  [jvm.dll+0x641a89]
V  [jvm.dll+0x636325]
V  [jvm.dll+0x32552d]
V  [jvm.dll+0x325392]
V  [jvm.dll+0x329fb6]
V  [jvm.dll+0x370fb0]
V  [jvm.dll+0x370a22]
V  [jvm.dll+0x300458]
V  [jvm.dll+0x301555]
V  [jvm.dll+0x7b0687]
V  [jvm.dll+0x7b1e0f]
V  [jvm.dll+0x37e2a9]
V  [jvm.dll+0x7922af]
V  [jvm.dll+0x3eeb67]
V  [jvm.dll+0x3f1061]
C  [jli.dll+0x52c0]
C  [ucrtbase.dll+0x37b0]
C  [KERNEL32.DLL+0x2e8d7]
C  [ntdll.dll+0xb14fc]


---------------  P R O C E S S  ---------------

Threads class SMR info:
_java_thread_list=0x000002a8d7789b80, length=0, elements={
}

Java Threads: ( => current thread )

Other Threads:
  0x000002a8d91a5800 GCTaskThread "GC Thread#0" [stack: 0x000000d26ae00000,0x000000d26af00000] [id=16060]
  0x000002a8d91d7000 ConcurrentGCThread "G1 Main Marker" [stack: 0x000000d26af00000,0x000000d26b000000] [id=14308]
  0x000002a8d91d9000 ConcurrentGCThread "G1 Conc#0" [stack: 0x000000d26b000000,0x000000d26b100000] [id=5868]

[error occurred during error reporting (printing all threads), id 0xc0000005, EXCEPTION_ACCESS_VIOLATION (0xc0000005) at pc=0x00007ff9365f12b7]

VM state:not at safepoint (not fully initialized)

VM Mutex/Monitor currently owned by a thread:  ([mutex/lock_event])
[0x000002a8d9189a60] Heap_lock - owner thread: 0x000002a8d918b800

Heap address: 0x0000000082800000, size: 2008 MB, Compressed Oops mode: Non-zero based: 0x0000000082800000
Narrow klass base: 0x0000000000000000, Narrow klass shift: 0

GC Heap History (0 events):
No events

Deoptimization events (0 events):
No events

Classes redefined (0 events):
No events

Internal exceptions (0 events):
No events

Events (1 events):
Event: 0.013 Loaded shared library C:\Users\tleva\AppData\Local\Programs\Eclipse Adoptium\jdk-11.0.25.9-hotspot\bin\zip.dll


Dynamic libraries:
0x00007ff6c5200000 - 0x00007ff6c520e000 	C:\Users\tleva\AppData\Local\Programs\Eclipse Adoptium\jdk-11.0.25.9-hotspot\bin\java.exe
0x00007ff9d09a0000 - 0x00007ff9d0c00000 	C:\WINDOWS\SYSTEM32\ntdll.dll
0x00007ff9d0470000 - 0x00007ff9d0537000 	C:\WINDOWS\System32\KERNEL32.DLL
0x00007ff9cdf90000 - 0x00007ff9ce35a000 	C:\WINDOWS\System32\KERNELBASE.dll
0x00007ff9cde40000 - 0x00007ff9cdf8b000 	C:\WINDOWS\System32\ucrtbase.dll
0x00007ff9af1a0000 - 0x00007ff9af1be000 	C:\Users\tleva\AppData\Local\Programs\Eclipse Adoptium\jdk-11.0.25.9-hotspot\bin\VCRUNTIME140.dll
0x00007ff9af1f0000 - 0x00007ff9af207000 	C:\Users\tleva\AppData\Local\Programs\Eclipse Adoptium\jdk-11.0.25.9-hotspot\bin\jli.dll
0x00007ff9cf990000 - 0x00007ff9cfb5c000 	C:\WINDOWS\System32\USER32.dll
0x00007ff9cde10000 - 0x00007ff9cde37000 	C:\WINDOWS\System32\win32u.dll
0x00007ff9b37c0000 - 0x00007ff9b3a57000 	C:\WINDOWS\WinSxS\amd64_microsoft.windows.common-controls_6595b64144ccf1df_6.0.26100.3624_none_3e086962e3345f24\COMCTL32.dll
0x00007ff9d0440000 - 0x00007ff9d046a000 	C:\WINDOWS\System32\GDI32.dll
0x00007ff9cf2a0000 - 0x00007ff9cf349000 	C:\WINDOWS\System32\msvcrt.dll
0x00007ff9cdb80000 - 0x00007ff9cdcb1000 	C:\WINDOWS\System32\gdi32full.dll
0x00007ff9cdcc0000 - 0x00007ff9cdd63000 	C:\WINDOWS\System32\msvcp_win.dll
0x00007ff9cf880000 - 0x00007ff9cf8af000 	C:\WINDOWS\System32\IMM32.DLL
0x00007ff9c8ad0000 - 0x00007ff9c8adc000 	C:\Users\tleva\AppData\Local\Programs\Eclipse Adoptium\jdk-11.0.25.9-hotspot\bin\vcruntime140_1.dll
0x00007ff96c5f0000 - 0x00007ff96c67d000 	C:\Users\tleva\AppData\Local\Programs\Eclipse Adoptium\jdk-11.0.25.9-hotspot\bin\msvcp140.dll
0x00007ff9362e0000 - 0x00007ff936ea3000 	C:\Users\tleva\AppData\Local\Programs\Eclipse Adoptium\jdk-11.0.25.9-hotspot\bin\server\jvm.dll
0x00007ff9d0210000 - 0x00007ff9d02c2000 	C:\WINDOWS\System32\ADVAPI32.dll
0x00007ff9cf6f0000 - 0x00007ff9cf796000 	C:\WINDOWS\System32\sechost.dll
0x00007ff9cfb90000 - 0x00007ff9cfca6000 	C:\WINDOWS\System32\RPCRT4.dll
0x00007ff9cf440000 - 0x00007ff9cf4b4000 	C:\WINDOWS\System32\WS2_32.dll
0x00007ff9d0950000 - 0x00007ff9d0958000 	C:\WINDOWS\System32\PSAPI.DLL
0x00007ff9c5710000 - 0x00007ff9c571b000 	C:\WINDOWS\SYSTEM32\VERSION.dll
0x00007ff9cb4d0000 - 0x00007ff9cb506000 	C:\WINDOWS\SYSTEM32\WINMM.dll
0x00007ff9cc960000 - 0x00007ff9cc97a000 	C:\WINDOWS\SYSTEM32\kernel.appcore.dll
0x00007ff9b0550000 - 0x00007ff9b0560000 	C:\Users\tleva\AppData\Local\Programs\Eclipse Adoptium\jdk-11.0.25.9-hotspot\bin\verify.dll
0x00007ff9caf20000 - 0x00007ff9cb161000 	C:\WINDOWS\SYSTEM32\DBGHELP.DLL
0x00007ff9d05c0000 - 0x00007ff9d0942000 	C:\WINDOWS\System32\combase.dll
0x00007ff9cf350000 - 0x00007ff9cf426000 	C:\WINDOWS\System32\OLEAUT32.dll
0x00007ff93a720000 - 0x00007ff93a759000 	C:\WINDOWS\SYSTEM32\dbgcore.DLL
0x00007ff9cdd70000 - 0x00007ff9cde09000 	C:\WINDOWS\System32\bcryptPrimitives.dll
0x00007ff986bd0000 - 0x00007ff986bf8000 	C:\Users\tleva\AppData\Local\Programs\Eclipse Adoptium\jdk-11.0.25.9-hotspot\bin\java.dll
0x00007ff9b0500000 - 0x00007ff9b050a000 	C:\Users\tleva\AppData\Local\Programs\Eclipse Adoptium\jdk-11.0.25.9-hotspot\bin\jimage.dll
0x00007ff984ea0000 - 0x00007ff984eb8000 	C:\Users\tleva\AppData\Local\Programs\Eclipse Adoptium\jdk-11.0.25.9-hotspot\bin\zip.dll

dbghelp: loaded successfully - version: 4.0.5 - missing functions: none
symbol engine: initialized successfully - sym options: 0x614 - pdb path: .;C:\Users\tleva\AppData\Local\Programs\Eclipse Adoptium\jdk-11.0.25.9-hotspot\bin;C:\WINDOWS\SYSTEM32;C:\WINDOWS\WinSxS\amd64_microsoft.windows.common-controls_6595b64144ccf1df_6.0.26100.3624_none_3e086962e3345f24;C:\Users\tleva\AppData\Local\Programs\Eclipse Adoptium\jdk-11.0.25.9-hotspot\bin\server

VM Arguments:
java_command: <unknown>
java_class_path (initial): <not set>
Launcher Type: SUN_STANDARD

[Global flags]
     intx CICompilerCount                          = 3                                         {product} {ergonomic}
     uint ConcGCThreads                            = 1                                         {product} {ergonomic}
     uint G1ConcRefinementThreads                  = 4                                         {product} {ergonomic}
   size_t G1HeapRegionSize                         = 1048576                                   {product} {ergonomic}
    uintx GCDrainStackTargetSize                   = 64                                        {product} {ergonomic}
   size_t InitialHeapSize                          = 132120576                                 {product} {ergonomic}
   size_t MarkStackSize                            = 4194304                                   {product} {ergonomic}
   size_t MaxHeapSize                              = 2105540608                                {product} {ergonomic}
   size_t MinHeapDeltaBytes                        = 1048576                                   {product} {ergonomic}
    uintx NonNMethodCodeHeapSize                   = 5830732                                {pd product} {ergonomic}
    uintx NonProfiledCodeHeapSize                  = 122913754                              {pd product} {ergonomic}
    uintx ProfiledCodeHeapSize                     = 122913754                              {pd product} {ergonomic}
    uintx ReservedCodeCacheSize                    = 251658240                              {pd product} {ergonomic}
     bool SegmentedCodeCache                       = true                                      {product} {ergonomic}
     bool UseCompressedClassPointers               = true                                 {lp64_product} {ergonomic}
     bool UseCompressedOops                        = true                                 {lp64_product} {ergonomic}
     bool UseG1GC                                  = true                                      {product} {ergonomic}
     bool UseLargePagesIndividualAllocation        = false                                  {pd product} {ergonomic}

Logging:
Log output configuration:
 #0: stdout all=warning uptime,level,tags
 #1: stderr all=off uptime,level,tags

Environment Variables:
PATH=C:\WINDOWS\system32;C:\WINDOWS;C:\WINDOWS\System32\Wbem;C:\WINDOWS\System32\WindowsPowerShell\v1.0\;C:\WINDOWS\System32\OpenSSH\;C:\Program Files\Git\cmd;C:\Program Files\Docker\Docker\resources\bin;C:\Users\tleva\AppData\Local\Programs\Eclipse Adoptium\jdk-11.0.25.9-hotspot\bin;C:\Users\tleva\AppData\Local\Microsoft\WindowsApps;C:\Users\tleva\AppData\Local\Programs\Microsoft VS Code\bin;
USERNAME=tleva
OS=Windows_NT
PROCESSOR_IDENTIFIER=Intel64 Family 6 Model 142 Stepping 12, GenuineIntel
TMP=C:\Users\tleva\AppData\Local\Temp
TEMP=C:\Users\tleva\AppData\Local\Temp



---------------  S Y S T E M  ---------------

OS: Windows 11 , 64 bit Build 26100 (10.0.26100.3775)
OS uptime: 11 days 2:11 hours
Hyper-V role detected

CPU:total 4 (initial active 4) (2 cores per cpu, 2 threads per core) family 6 model 142 stepping 12 microcode 0xde, cmov, cx8, fxsr, mmx, sse, sse2, sse3, ssse3, sse4.1, sse4.2, popcnt, avx, avx2, aes, clmul, erms, 3dnowpref, lzcnt, ht, tsc, tscinvbit, bmi1, bmi2, adx, fma

Memory: 4k page, system-wide physical 8025M (684M free)
TotalPageFile size 21191M (AvailPageFile size 72M)
current process WorkingSet (physical memory assigned to process): 11M, peak: 11M
current process commit charge ("private bytes"): 52M, peak: 177M

vm_info: OpenJDK 64-Bit Server VM (11.0.25+9) for windows-amd64 JRE (11.0.25+9), built on Oct 15 2024 22:43:08 by "" with MS VC++ 17.7 (VS2022)

END.
